<?xml version="1.0" encoding="UTF-8"?>
<!-- Generated by org.testng.reporters.JUnitReportReporter -->
<testsuite hostname="Riyaansh" failures="0" tests="1" name="beauty.LaunchLakme_Test" time="7.123" errors="0" timestamp="2024-05-30T20:11:57 IST" skipped="0">
  <testcase classname="beauty.LaunchLakme_Test" name="lakme" time="7.123"/>
  <system-out/>
</testsuite> <!-- beauty.LaunchLakme_Test -->
