<?xml version="1.0" encoding="UTF-8"?>
<!-- Generated by org.testng.reporters.JUnitReportReporter -->
<testsuite hostname="Riyaansh" failures="0" tests="1" name="ecom.DemoWebShop1_Test" time="5.585" errors="0" timestamp="2024-05-30T19:55:47 IST" skipped="0">
  <testcase classname="ecom.DemoWebShop1_Test" name="launch" time="5.585"/>
  <system-out>
testNG installed browser is maximized demowebshop is launched browser is closed  </system-out>
</testsuite> <!-- ecom.DemoWebShop1_Test -->
