<?xml version="1.0" encoding="UTF-8"?>
<!-- Generated by org.testng.reporters.JUnitReportReporter -->
<testsuite hostname="Riyaansh" failures="0" tests="1" name="ecom.DemoWebShop3_Test" time="7.058" errors="0" timestamp="2024-05-30T19:55:47 IST" skipped="0">
  <testcase classname="ecom.DemoWebShop3_Test" name="launch" time="7.058"/>
  <system-out>
window is maximized  </system-out>
</testsuite> <!-- ecom.DemoWebShop3_Test -->
