<?xml version="1.0" encoding="UTF-8"?>
<!-- Generated by org.testng.reporters.JUnitReportReporter -->
<testsuite hostname="Riyaansh" failures="0" tests="1" name="food.LaunchPizzahut_Test" time="5.121" errors="0" timestamp="2024-05-30T19:56:15 IST" skipped="0">
  <testcase classname="food.LaunchPizzahut_Test" name="pizzahut" time="5.121"/>
  <system-out/>
</testsuite> <!-- food.LaunchPizzahut_Test -->
