<?xml version="1.0" encoding="UTF-8"?>
<!-- Generated by org.testng.reporters.JUnitReportReporter -->
<testsuite hostname="Riyaansh" failures="0" tests="1" name="ecom.DemoWebShop2_Test" time="6.617" errors="0" timestamp="2024-05-30T19:55:47 IST" skipped="0">
  <testcase classname="ecom.DemoWebShop2_Test" name="launch" time="6.617"/>
  <system-out>
window is maximized user clicked on Books Page  </system-out>
</testsuite> <!-- ecom.DemoWebShop2_Test -->
