<?xml version="1.0" encoding="UTF-8"?>
<!-- Generated by org.testng.reporters.JUnitReportReporter -->
<testsuite hostname="Riyaansh" failures="0" tests="1" name="beauty.LaunchNykaa_Test" time="4.240" errors="0" timestamp="2024-05-30T19:55:11 IST" skipped="0">
  <testcase classname="beauty.LaunchNykaa_Test" name="nykaa" time="4.240"/>
  <system-out/>
</testsuite> <!-- beauty.LaunchNykaa_Test -->
