<?xml version="1.0" encoding="UTF-8"?>
<!-- Generated by org.testng.reporters.JUnitReportReporter -->
<testsuite hostname="Riyaansh" failures="0" tests="1" name="beauty.LaunchSugar_Test" time="5.704" errors="0" timestamp="2024-05-30T19:55:11 IST" skipped="0">
  <testcase classname="beauty.LaunchSugar_Test" name="sugar" time="5.704"/>
  <system-out/>
</testsuite> <!-- beauty.LaunchSugar_Test -->
