<?xml version="1.0" encoding="UTF-8"?>
<!-- Generated by org.testng.reporters.JUnitReportReporter -->
<testsuite hostname="Riyaansh" failures="0" tests="1" name="food.LaunchDominos_Test" time="4.829" errors="0" timestamp="2024-05-30T19:56:15 IST" skipped="0">
  <testcase classname="food.LaunchDominos_Test" name="dominos" time="4.829"/>
  <system-out/>
</testsuite> <!-- food.LaunchDominos_Test -->
