<?xml version="1.0" encoding="UTF-8"?>
<!-- Generated by org.testng.reporters.JUnitReportReporter -->
<testsuite hostname="Riyaansh" failures="0" tests="1" name="report.Script02" time="6.644" errors="0" timestamp="2024-06-01T20:05:04 IST" skipped="0">
  <testcase classname="report.Script02" name="script2" time="6.644"/>
  <system-out/>
</testsuite> <!-- report.Script02 -->
