<?xml version="1.0" encoding="UTF-8"?>
<!-- Generated by org.testng.reporters.JUnitReportReporter -->
<testsuite hostname="Riyaansh" failures="0" tests="1" name="beauty.LaunchNykaa" time="7.364" errors="0" timestamp="2024-05-27T20:59:27 IST" skipped="0">
  <testcase classname="beauty.LaunchNykaa" name="nykaa" time="7.364"/>
  <system-out/>
</testsuite> <!-- beauty.LaunchNykaa -->
