<?xml version="1.0" encoding="UTF-8"?>
<!-- Generated by org.testng.reporters.JUnitReportReporter -->
<testsuite hostname="Riyaansh" failures="0" tests="1" name="report.Script01" time="6.692" errors="0" timestamp="2024-06-01T19:50:07 IST" skipped="0">
  <testcase classname="report.Script01" name="script1" time="6.692"/>
  <system-out/>
</testsuite> <!-- report.Script01 -->
